<?xml version="1.0" encoding="UTF-8"?>
<testsuite name="com.kmosync.KmoSyncApiTest" tests="5" skipped="0" failures="0" errors="0" timestamp="2026-07-07T12:22:56.641Z" hostname="qingsimuxueyichangandeMac-mini.local" time="0.023">
  <properties/>
  <testcase name="eventTypesMapUnknownValues[jvm]" classname="com.kmosync.KmoSyncApiTest" time="0.006"/>
  <testcase name="customSyncIntervalUsesFiveSecondMultiplier[jvm]" classname="com.kmosync.KmoSyncApiTest" time="0.014"/>
  <testcase name="wireValuesMatchCAbi[jvm]" classname="com.kmosync.KmoSyncApiTest" time="0.0"/>
  <testcase name="failureResultCarriesCodeAndMessage[jvm]" classname="com.kmosync.KmoSyncApiTest" time="0.001"/>
  <testcase name="syncIntervalPresetsUseExpectedSeconds[jvm]" classname="com.kmosync.KmoSyncApiTest" time="0.001"/>
  <system-out><![CDATA[]]></system-out>
  <system-err><![CDATA[]]></system-err>
</testsuite>
